<?xml version="1.0" encoding="UTF-8" standalone="no"?><testsuite errors="0" failures="1" name="Proceso de contratación en &quot;OrangeHRM&quot;" skipped="0" tests="1" time="43.87" timestamp="2024-12-22 04:54:58"><testcase name="Agregar y verificar que el nuevo candidato quede en el sistema como contratado"><failure message="&#13;&#10;Expected: an element that is visible&#13;&#10;     but: no matching element found by [Option interviewer list located with: //input[@name='interviewer']/following-sibling::div[@class='oxd-select-option'][1]]" type="java.lang.AssertionError">&#13;
Expected: an element that is visible&#13;
     but: no matching element found by [Option interviewer list located with: //input[@name='interviewer']/following-sibling::div[@class='oxd-select-option'][1]]</failure><system-err>&#13;
Expected: an element that is visible&#13;
     but: no matching element found by [Option interviewer list located with: //input[@name='interviewer']/following-sibling::div[@class='oxd-select-option'][1]]&#13;
com.orangehrmlive.opensource_demo.tasks.AgendarEntrevistaTask.performAs(AgendarEntrevistaTask.java:27)&#13;
com.orangehrmlive.opensource_demo.stepDefinitions.ProcesoContratacionStepDefinitions.ingresaLosDatosDelCandidatoConInformaciónVálida(ProcesoContratacionStepDefinitions.java:93)&#13;
io.cucumber.java.Invoker.doInvoke(Invoker.java:66)&#13;
io.cucumber.java.Invoker.invoke(Invoker.java:24)&#13;
io.cucumber.java.AbstractGlueDefinition.invokeMethod(AbstractGlueDefinition.java:47)&#13;
io.cucumber.java.JavaStepDefinition.execute(JavaStepDefinition.java:29)&#13;
io.cucumber.core.runner.CoreStepDefinition.execute(CoreStepDefinition.java:66)&#13;
io.cucumber.core.runner.PickleStepDefinitionMatch.runStep(PickleStepDefinitionMatch.java:63)&#13;
io.cucumber.core.runner.TestStep.executeStep(TestStep.java:85)&#13;
io.cucumber.core.runner.TestStep.run(TestStep.java:57)&#13;
io.cucumber.core.runner.PickleStepTestStep.run(PickleStepTestStep.java:51)&#13;
io.cucumber.core.runner.TestCase.run(TestCase.java:84)&#13;
io.cucumber.core.runner.Runner.runPickle(Runner.java:75)&#13;
io.cucumber.core.runtime.CucumberExecutionContext.lambda$runTestCase$5(CucumberExecutionContext.java:129)&#13;
io.cucumber.core.runtime.RethrowingThrowableCollector.executeAndThrow(RethrowingThrowableCollector.java:23)&#13;
io.cucumber.core.runtime.CucumberExecutionContext.runTestCase(CucumberExecutionContext.java:129)&#13;
io.cucumber.junit.FeatureRunner.runChild(FeatureRunner.java:144)&#13;
io.cucumber.junit.FeatureRunner.runChild(FeatureRunner.java:28)&#13;
io.cucumber.junit.FeatureRunner.run(FeatureRunner.java:137)&#13;
io.cucumber.junit.CucumberSerenityRunner.runChild(CucumberSerenityRunner.java:259)&#13;
io.cucumber.junit.CucumberSerenityRunner.runChild(CucumberSerenityRunner.java:59)&#13;
worker.org.gradle.process.internal.worker.GradleWorkerMain.run(GradleWorkerMain.java:69)&#13;
worker.org.gradle.process.internal.worker.GradleWorkerMain.main(GradleWorkerMain.java:74)&#13;
</system-err></testcase></testsuite>